<?xml version="1.0" encoding="UTF-8"?>
<testng-results ignored="0" total="1" passed="1" failed="0" skipped="0">
  <reporter-output>
  </reporter-output>
  <suite started-at="2021-10-03T13:02:06 IST" name="Default suite" finished-at="2021-10-03T13:02:10 IST" duration-ms="4303">
    <groups>
    </groups>
    <test started-at="2021-10-03T13:02:06 IST" name="Default test" finished-at="2021-10-03T13:02:10 IST" duration-ms="4303">
      <class name="com.basics.AddPlace">
        <test-method signature="addPlace()[pri:0, instance:com.basics.AddPlace@4f209819]" started-at="2021-10-03T13:02:06 IST" name="addPlace" finished-at="2021-10-03T13:02:10 IST" duration-ms="4235" status="PASS">
          <reporter-output>
          </reporter-output>
        </test-method> <!-- addPlace -->
      </class> <!-- com.basics.AddPlace -->
    </test> <!-- Default test -->
  </suite> <!-- Default suite -->
</testng-results>
